<?xml version="1.0" encoding="UTF-8"?>
<testng-results ignored="0" total="1" passed="1" failed="0" skipped="0">
  <reporter-output>
  </reporter-output>
  <suite started-at="2025-06-05T08:59:23 GMT+03:00" name="Default suite" finished-at="2025-06-05T08:59:29 GMT+03:00" duration-ms="6679">
    <groups>
      <group name="smoke">
        <method signature="companyMenuSelection.companySelection()[pri:0, instance:insider.testcases.companyMenuSelection@37ceb1df]" name="companySelection" class="insider.testcases.companyMenuSelection"/>
      </group> <!-- smoke -->
    </groups>
    <test started-at="2025-06-05T08:59:23 GMT+03:00" name="Default test" finished-at="2025-06-05T08:59:29 GMT+03:00" duration-ms="6679">
      <class name="insider.testcases.companyMenuSelection">
        <test-method is-config="true" signature="generateReport()[pri:0, instance:insider.testcases.companyMenuSelection@37ceb1df]" started-at="2025-06-05T08:59:23 GMT+03:00" name="generateReport" finished-at="2025-06-05T08:59:23 GMT+03:00" duration-ms="152" status="PASS">
          <reporter-output>
          </reporter-output>
        </test-method> <!-- generateReport -->
        <test-method is-config="true" signature="setUp()[pri:0, instance:insider.testcases.companyMenuSelection@37ceb1df]" started-at="2025-06-05T08:59:23 GMT+03:00" name="setUp" finished-at="2025-06-05T08:59:28 GMT+03:00" duration-ms="4933" status="PASS">
          <reporter-output>
          </reporter-output>
        </test-method> <!-- setUp -->
        <test-method signature="companySelection()[pri:0, instance:insider.testcases.companyMenuSelection@37ceb1df]" started-at="2025-06-05T08:59:28 GMT+03:00" name="companySelection" finished-at="2025-06-05T08:59:29 GMT+03:00" duration-ms="1271" status="PASS">
          <reporter-output>
          </reporter-output>
        </test-method> <!-- companySelection -->
        <test-method is-config="true" signature="tearDown()[pri:0, instance:insider.testcases.companyMenuSelection@37ceb1df]" started-at="2025-06-05T08:59:29 GMT+03:00" name="tearDown" finished-at="2025-06-05T08:59:29 GMT+03:00" duration-ms="123" status="PASS">
          <reporter-output>
          </reporter-output>
        </test-method> <!-- tearDown -->
        <test-method is-config="true" signature="writeReport()[pri:0, instance:insider.testcases.companyMenuSelection@37ceb1df]" started-at="2025-06-05T08:59:29 GMT+03:00" name="writeReport" finished-at="2025-06-05T08:59:29 GMT+03:00" duration-ms="173" status="PASS">
          <reporter-output>
          </reporter-output>
        </test-method> <!-- writeReport -->
      </class> <!-- insider.testcases.companyMenuSelection -->
    </test> <!-- Default test -->
  </suite> <!-- Default suite -->
</testng-results>
