<?xml version="1.0" encoding="UTF-8"?>
<testng-results ignored="0" total="1" passed="1" failed="0" skipped="0">
  <reporter-output>
  </reporter-output>
  <suite started-at="2025-06-05T09:50:42 GMT+03:00" name="Default suite" finished-at="2025-06-05T09:51:02 GMT+03:00" duration-ms="20786">
    <groups>
      <group name="smoke">
        <method signature="Task3.seeAllQA()[pri:0, instance:insider.testcases.Task3@37ceb1df]" name="seeAllQA" class="insider.testcases.Task3"/>
      </group> <!-- smoke -->
    </groups>
    <test started-at="2025-06-05T09:50:42 GMT+03:00" name="Default test" finished-at="2025-06-05T09:51:02 GMT+03:00" duration-ms="20786">
      <class name="insider.testcases.Task3">
        <test-method is-config="true" signature="generateReport()[pri:0, instance:insider.testcases.Task3@37ceb1df]" started-at="2025-06-05T09:50:42 GMT+03:00" name="generateReport" finished-at="2025-06-05T09:50:42 GMT+03:00" duration-ms="160" status="PASS">
          <reporter-output>
          </reporter-output>
        </test-method> <!-- generateReport -->
        <test-method is-config="true" signature="setUp(java.lang.reflect.Method)[pri:0, instance:insider.testcases.Task3@37ceb1df]" started-at="2025-06-05T09:50:42 GMT+03:00" name="setUp" finished-at="2025-06-05T09:50:45 GMT+03:00" duration-ms="3449" status="PASS">
          <params>
            <param index="0">
              <value>
                <![CDATA[public void insider.testcases.Task3.seeAllQA()]]>
              </value>
            </param>
          </params>
          <reporter-output>
          </reporter-output>
        </test-method> <!-- setUp -->
        <test-method signature="seeAllQA()[pri:0, instance:insider.testcases.Task3@37ceb1df]" started-at="2025-06-05T09:50:45 GMT+03:00" name="seeAllQA" finished-at="2025-06-05T09:51:02 GMT+03:00" duration-ms="16824" status="PASS">
          <reporter-output>
          </reporter-output>
        </test-method> <!-- seeAllQA -->
        <test-method is-config="true" signature="tearDown()[pri:0, instance:insider.testcases.Task3@37ceb1df]" started-at="2025-06-05T09:51:02 GMT+03:00" name="tearDown" finished-at="2025-06-05T09:51:02 GMT+03:00" duration-ms="152" status="PASS">
          <reporter-output>
          </reporter-output>
        </test-method> <!-- tearDown -->
        <test-method is-config="true" signature="writeReport()[pri:0, instance:insider.testcases.Task3@37ceb1df]" started-at="2025-06-05T09:51:02 GMT+03:00" name="writeReport" finished-at="2025-06-05T09:51:02 GMT+03:00" duration-ms="174" status="PASS">
          <reporter-output>
          </reporter-output>
        </test-method> <!-- writeReport -->
      </class> <!-- insider.testcases.Task3 -->
    </test> <!-- Default test -->
  </suite> <!-- Default suite -->
</testng-results>
