<?xml version="1.0" encoding="UTF-8"?>
<!-- Generated by org.testng.reporters.JUnitXMLReporter -->
<testsuite ignored="8" hostname="Furkan" failures="0" tests="5" name="Smoke Tests" time="65.125" errors="0" timestamp="2025-06-05T11:53:12 GMT+03:00">
  <testcase classname="insider.testcases.Task1" name="homeValidation" time="0.013"/>
  <testcase classname="insider.testcases.Task2" name="companySelection" time="1.253"/>
  <testcase classname="insider.testcases.Task3" name="seeAllQA" time="17.527"/>
  <testcase classname="insider.testcases.Task4" name="checkJobs" time="12.935"/>
  <testcase classname="insider.testcases.Task5" name="applicationPage" time="15.328"/>
  <testcase classname="insider.testbase.BaseClass" name="@BeforeTest generateReport" time="0.0">
    <ignored/>
  </testcase> <!-- @BeforeTest generateReport -->
  <testcase classname="insider.testbase.BaseClass" name="@AfterTest writeReport" time="0.0">
    <ignored/>
  </testcase> <!-- @AfterTest writeReport -->
  <testcase classname="insider.testbase.BaseClass" name="@AfterTest writeReport" time="0.0">
    <ignored/>
  </testcase> <!-- @AfterTest writeReport -->
  <testcase classname="insider.testbase.BaseClass" name="@AfterTest writeReport" time="0.0">
    <ignored/>
  </testcase> <!-- @AfterTest writeReport -->
  <testcase classname="insider.testbase.BaseClass" name="@BeforeTest generateReport" time="0.0">
    <ignored/>
  </testcase> <!-- @BeforeTest generateReport -->
  <testcase classname="insider.testbase.BaseClass" name="@AfterTest writeReport" time="0.0">
    <ignored/>
  </testcase> <!-- @AfterTest writeReport -->
  <testcase classname="insider.testbase.BaseClass" name="@BeforeTest generateReport" time="0.0">
    <ignored/>
  </testcase> <!-- @BeforeTest generateReport -->
  <testcase classname="insider.testbase.BaseClass" name="@BeforeTest generateReport" time="0.0">
    <ignored/>
  </testcase> <!-- @BeforeTest generateReport -->
</testsuite> <!-- Smoke Tests -->
