<?xml version="1.0" encoding="UTF-8"?>
<!-- Generated by org.testng.reporters.JUnitXMLReporter -->
<testsuite ignored="8" hostname="Furkan" failures="0" tests="5" name="Smoke Tests" time="57.129" errors="0" timestamp="2025-06-05T11:43:02 GMT+03:00">
  <testcase classname="insider.testcases.Task1" name="homeValidation" time="0.015"/>
  <testcase classname="insider.testcases.Task2" name="companySelection" time="1.667"/>
  <testcase classname="insider.testcases.Task3" name="seeAllQA" time="14.142"/>
  <testcase classname="insider.testcases.Task4" name="checkJobs" time="12.234"/>
  <testcase classname="insider.testcases.Task5" name="applicationPage" time="13.083"/>
  <testcase classname="insider.testbase.BaseClass" name="@BeforeTest generateReport" time="0.0">
    <ignored/>
  </testcase> <!-- @BeforeTest generateReport -->
  <testcase classname="insider.testbase.BaseClass" name="@AfterTest writeReport" time="0.0">
    <ignored/>
  </testcase> <!-- @AfterTest writeReport -->
  <testcase classname="insider.testbase.BaseClass" name="@AfterTest writeReport" time="0.0">
    <ignored/>
  </testcase> <!-- @AfterTest writeReport -->
  <testcase classname="insider.testbase.BaseClass" name="@AfterTest writeReport" time="0.0">
    <ignored/>
  </testcase> <!-- @AfterTest writeReport -->
  <testcase classname="insider.testbase.BaseClass" name="@BeforeTest generateReport" time="0.0">
    <ignored/>
  </testcase> <!-- @BeforeTest generateReport -->
  <testcase classname="insider.testbase.BaseClass" name="@AfterTest writeReport" time="0.0">
    <ignored/>
  </testcase> <!-- @AfterTest writeReport -->
  <testcase classname="insider.testbase.BaseClass" name="@BeforeTest generateReport" time="0.0">
    <ignored/>
  </testcase> <!-- @BeforeTest generateReport -->
  <testcase classname="insider.testbase.BaseClass" name="@BeforeTest generateReport" time="0.0">
    <ignored/>
  </testcase> <!-- @BeforeTest generateReport -->
</testsuite> <!-- Smoke Tests -->
